2019-08-28 09:35:10.076  INFO 13568 --- [main] com.slabs.exchange.ExchangeApplication   : Starting ExchangeApplication on DESKTOP-FKFU5RN with PID 13568 (G:\company-project\exchange\target\classes started by Sanding in G:\company-project\exchange)
2019-08-28 09:35:10.416  INFO 13568 --- [main] com.slabs.exchange.ExchangeApplication   : The following profiles are active: test
2019-08-28 09:35:10.564  INFO 13568 --- [main] ConfigServletWebServerApplicationContext : Refreshing org.springframework.boot.web.servlet.context.AnnotationConfigServletWebServerApplicationContext@561b6512: startup date [Wed Aug 28 09:35:10 CST 2019]; root of context hierarchy
2019-08-28 09:35:11.902  INFO 13568 --- [main] trationDelegate$BeanPostProcessorChecker : Bean 'shiroConfig' of type [com.slabs.exchange.common.config.shiro.ShiroConfig$$EnhancerBySpringCGLIB$$811fcf6a] is not eligible for getting processed by all BeanPostProcessors (for example: not eligible for auto-proxying)
2019-08-28 09:35:11.916  INFO 13568 --- [main] trationDelegate$BeanPostProcessorChecker : Bean 'org.springframework.transaction.annotation.ProxyTransactionManagementConfiguration' of type [org.springframework.transaction.annotation.ProxyTransactionManagementConfiguration$$EnhancerBySpringCGLIB$$39274d81] is not eligible for getting processed by all BeanPostProcessors (for example: not eligible for auto-proxying)
2019-08-28 09:35:11.993  INFO 13568 --- [main] trationDelegate$BeanPostProcessorChecker : Bean 'org.springframework.boot.context.properties.ConversionServiceDeducer$Factory' of type [org.springframework.boot.context.properties.ConversionServiceDeducer$Factory] is not eligible for getting processed by all BeanPostProcessors (for example: not eligible for auto-proxying)
2019-08-28 09:35:12.008  INFO 13568 --- [main] trationDelegate$BeanPostProcessorChecker : Bean 'mybatis-org.mybatis.spring.boot.autoconfigure.MybatisProperties' of type [org.mybatis.spring.boot.autoconfigure.MybatisProperties] is not eligible for getting processed by all BeanPostProcessors (for example: not eligible for auto-proxying)
2019-08-28 09:35:12.026  INFO 13568 --- [main] trationDelegate$BeanPostProcessorChecker : Bean 'org.mybatis.spring.boot.autoconfigure.MybatisAutoConfiguration' of type [org.mybatis.spring.boot.autoconfigure.MybatisAutoConfiguration$$EnhancerBySpringCGLIB$$6bfb9eb1] is not eligible for getting processed by all BeanPostProcessors (for example: not eligible for auto-proxying)
2019-08-28 09:35:12.034  INFO 13568 --- [main] trationDelegate$BeanPostProcessorChecker : Bean 'org.springframework.boot.autoconfigure.jdbc.DataSourceConfiguration$Generic' of type [org.springframework.boot.autoconfigure.jdbc.DataSourceConfiguration$Generic] is not eligible for getting processed by all BeanPostProcessors (for example: not eligible for auto-proxying)
2019-08-28 09:35:12.066  INFO 13568 --- [main] trationDelegate$BeanPostProcessorChecker : Bean 'spring.datasource-org.springframework.boot.autoconfigure.jdbc.DataSourceProperties' of type [org.springframework.boot.autoconfigure.jdbc.DataSourceProperties] is not eligible for getting processed by all BeanPostProcessors (for example: not eligible for auto-proxying)
2019-08-28 09:35:12.134  INFO 13568 --- [main] trationDelegate$BeanPostProcessorChecker : Bean 'dataSource' of type [com.alibaba.druid.pool.DruidDataSource] is not eligible for getting processed by all BeanPostProcessors (for example: not eligible for auto-proxying)
2019-08-28 09:35:12.151  INFO 13568 --- [main] trationDelegate$BeanPostProcessorChecker : Bean 'org.springframework.boot.autoconfigure.jdbc.DataSourceInitializerInvoker' of type [org.springframework.boot.autoconfigure.jdbc.DataSourceInitializerInvoker] is not eligible for getting processed by all BeanPostProcessors (for example: not eligible for auto-proxying)
2019-08-28 09:35:12.533  INFO 13568 --- [main] trationDelegate$BeanPostProcessorChecker : Bean 'sqlSessionFactory' of type [org.apache.ibatis.session.defaults.DefaultSqlSessionFactory] is not eligible for getting processed by all BeanPostProcessors (for example: not eligible for auto-proxying)
2019-08-28 09:35:12.544  INFO 13568 --- [main] trationDelegate$BeanPostProcessorChecker : Bean 'sqlSessionTemplate' of type [org.mybatis.spring.SqlSessionTemplate] is not eligible for getting processed by all BeanPostProcessors (for example: not eligible for auto-proxying)
2019-08-28 09:35:12.545  INFO 13568 --- [main] trationDelegate$BeanPostProcessorChecker : Bean 'userMapper' of type [org.mybatis.spring.mapper.MapperFactoryBean] is not eligible for getting processed by all BeanPostProcessors (for example: not eligible for auto-proxying)
2019-08-28 09:35:12.547  INFO 13568 --- [main] trationDelegate$BeanPostProcessorChecker : Bean 'userMapper' of type [com.sun.proxy.$Proxy66] is not eligible for getting processed by all BeanPostProcessors (for example: not eligible for auto-proxying)
2019-08-28 09:35:12.557  INFO 13568 --- [main] trationDelegate$BeanPostProcessorChecker : Bean 'roleMapper' of type [org.mybatis.spring.mapper.MapperFactoryBean] is not eligible for getting processed by all BeanPostProcessors (for example: not eligible for auto-proxying)
2019-08-28 09:35:12.558  INFO 13568 --- [main] trationDelegate$BeanPostProcessorChecker : Bean 'roleMapper' of type [com.sun.proxy.$Proxy69] is not eligible for getting processed by all BeanPostProcessors (for example: not eligible for auto-proxying)
2019-08-28 09:35:12.562  INFO 13568 --- [main] trationDelegate$BeanPostProcessorChecker : Bean 'rolePermissionMapper' of type [org.mybatis.spring.mapper.MapperFactoryBean] is not eligible for getting processed by all BeanPostProcessors (for example: not eligible for auto-proxying)
2019-08-28 09:35:12.563  INFO 13568 --- [main] trationDelegate$BeanPostProcessorChecker : Bean 'rolePermissionMapper' of type [com.sun.proxy.$Proxy70] is not eligible for getting processed by all BeanPostProcessors (for example: not eligible for auto-proxying)
2019-08-28 09:35:12.569  INFO 13568 --- [main] trationDelegate$BeanPostProcessorChecker : Bean 'permissionMapper' of type [org.mybatis.spring.mapper.MapperFactoryBean] is not eligible for getting processed by all BeanPostProcessors (for example: not eligible for auto-proxying)
2019-08-28 09:35:12.570  INFO 13568 --- [main] trationDelegate$BeanPostProcessorChecker : Bean 'permissionMapper' of type [com.sun.proxy.$Proxy71] is not eligible for getting processed by all BeanPostProcessors (for example: not eligible for auto-proxying)
2019-08-28 09:35:12.575  INFO 13568 --- [main] trationDelegate$BeanPostProcessorChecker : Bean 'dozerBeanMapperConfigure' of type [com.slabs.exchange.common.config.DozerBeanMapperConfigure$$EnhancerBySpringCGLIB$$3101c191] is not eligible for getting processed by all BeanPostProcessors (for example: not eligible for auto-proxying)
2019-08-28 09:35:12.589  INFO 13568 --- [main] org.dozer.config.GlobalSettings          : Trying to find Dozer configuration file: dozer.properties
2019-08-28 09:35:12.597  WARN 13568 --- [main] org.dozer.config.GlobalSettings          : Dozer configuration file not found: dozer.properties.  Using defaults for all Dozer global properties.
2019-08-28 09:35:12.599  INFO 13568 --- [main] org.dozer.DozerInitializer               : Initializing Dozer. Version: 5.5.0, Thread Name: main
2019-08-28 09:35:12.601  INFO 13568 --- [main] org.dozer.jmx.JMXPlatformImpl            : Dozer JMX MBean [org.dozer.jmx:type=DozerStatisticsController] auto registered with the Platform MBean Server
2019-08-28 09:35:12.602  INFO 13568 --- [main] org.dozer.jmx.JMXPlatformImpl            : Dozer JMX MBean [org.dozer.jmx:type=DozerAdminController] auto registered with the Platform MBean Server
2019-08-28 09:35:12.604  INFO 13568 --- [main] org.dozer.DozerBeanMapper                : Initializing a new instance of dozer bean mapper.
2019-08-28 09:35:12.611  INFO 13568 --- [main] trationDelegate$BeanPostProcessorChecker : Bean 'mapper' of type [org.dozer.DozerBeanMapper] is not eligible for getting processed by all BeanPostProcessors (for example: not eligible for auto-proxying)
2019-08-28 09:35:12.617  INFO 13568 --- [main] trationDelegate$BeanPostProcessorChecker : Bean 'permissionExtMapper' of type [org.mybatis.spring.mapper.MapperFactoryBean] is not eligible for getting processed by all BeanPostProcessors (for example: not eligible for auto-proxying)
2019-08-28 09:35:12.618  INFO 13568 --- [main] trationDelegate$BeanPostProcessorChecker : Bean 'permissionExtMapper' of type [com.sun.proxy.$Proxy72] is not eligible for getting processed by all BeanPostProcessors (for example: not eligible for auto-proxying)
2019-08-28 09:35:12.619  INFO 13568 --- [main] trationDelegate$BeanPostProcessorChecker : Bean 'roleServiceImpl' of type [com.slabs.exchange.service.impl.RoleServiceImpl] is not eligible for getting processed by all BeanPostProcessors (for example: not eligible for auto-proxying)
2019-08-28 09:35:12.623  INFO 13568 --- [main] trationDelegate$BeanPostProcessorChecker : Bean 'userRoleMapper' of type [org.mybatis.spring.mapper.MapperFactoryBean] is not eligible for getting processed by all BeanPostProcessors (for example: not eligible for auto-proxying)
2019-08-28 09:35:12.624  INFO 13568 --- [main] trationDelegate$BeanPostProcessorChecker : Bean 'userRoleMapper' of type [com.sun.proxy.$Proxy74] is not eligible for getting processed by all BeanPostProcessors (for example: not eligible for auto-proxying)
2019-08-28 09:35:12.640  INFO 13568 --- [main] trationDelegate$BeanPostProcessorChecker : Bean 'redisConfig' of type [com.slabs.exchange.common.config.redis.RedisConfig$$EnhancerBySpringCGLIB$$f808be7e] is not eligible for getting processed by all BeanPostProcessors (for example: not eligible for auto-proxying)
2019-08-28 09:35:12.647  INFO 13568 --- [main] trationDelegate$BeanPostProcessorChecker : Bean 'getRedisConfig' of type [redis.clients.jedis.JedisPoolConfig] is not eligible for getting processed by all BeanPostProcessors (for example: not eligible for auto-proxying)
2019-08-28 09:35:12.659  INFO 13568 --- [main] c.s.e.common.config.redis.RedisConfig    : init JredisPool ...
2019-08-28 09:35:12.662  INFO 13568 --- [main] trationDelegate$BeanPostProcessorChecker : Bean 'getJedisPool' of type [redis.clients.jedis.JedisPool] is not eligible for getting processed by all BeanPostProcessors (for example: not eligible for auto-proxying)
2019-08-28 09:35:12.663  INFO 13568 --- [main] trationDelegate$BeanPostProcessorChecker : Bean 'redisUtil' of type [com.slabs.exchange.util.RedisUtil] is not eligible for getting processed by all BeanPostProcessors (for example: not eligible for auto-proxying)
2019-08-28 09:35:12.663  INFO 13568 --- [main] trationDelegate$BeanPostProcessorChecker : Bean 'myRealm' of type [com.slabs.exchange.common.config.shiro.MyRealm] is not eligible for getting processed by all BeanPostProcessors (for example: not eligible for auto-proxying)
2019-08-28 09:35:12.672  INFO 13568 --- [main] trationDelegate$BeanPostProcessorChecker : Bean 'cachingShiroSessionDao' of type [com.slabs.exchange.common.config.redis.CachingShiroSessionDao] is not eligible for getting processed by all BeanPostProcessors (for example: not eligible for auto-proxying)
2019-08-28 09:35:12.686  INFO 13568 --- [main] trationDelegate$BeanPostProcessorChecker : Bean 'sessionManager' of type [com.slabs.exchange.common.config.shiro.ShiroConfig$MySessionManager] is not eligible for getting processed by all BeanPostProcessors (for example: not eligible for auto-proxying)
2019-08-28 09:35:13.226  INFO 13568 --- [main] trationDelegate$BeanPostProcessorChecker : Bean 'securityManager' of type [org.apache.shiro.web.mgt.DefaultWebSecurityManager] is not eligible for getting processed by all BeanPostProcessors (for example: not eligible for auto-proxying)
2019-08-28 09:35:13.608  INFO 13568 --- [main] o.s.b.w.embedded.tomcat.TomcatWebServer  : Tomcat initialized with port(s): 15002 (http)
2019-08-28 09:35:13.628  INFO 13568 --- [main] o.apache.catalina.core.StandardService   : Starting service [Tomcat]
2019-08-28 09:35:13.629  INFO 13568 --- [main] org.apache.catalina.core.StandardEngine  : Starting Servlet Engine: Apache Tomcat/8.5.32
2019-08-28 09:35:13.633  INFO 13568 --- [localhost-startStop-1] o.a.catalina.core.AprLifecycleListener   : The APR based Apache Tomcat Native library which allows optimal performance in production environments was not found on the java.library.path: [C:\Program Files\Java\jdk1.8.0_181\bin;C:\WINDOWS\Sun\Java\bin;C:\WINDOWS\system32;C:\WINDOWS;D:\IntelliJ IDEA 2019.2\jbr\\bin;D:\IntelliJ IDEA 2019.2\jbr\\bin\server;C:\Program Files (x86)\Common Files\Oracle\Java\javapath;D:\oracle\product\10.2.0\db_1\bin;C:\Program Files (x86)\Intel\iCLS Client\;C:\Program Files\Intel\iCLS Client\;C:\Windows\system32;C:\Windows;C:\Windows\System32\Wbem;C:\Windows\System32\WindowsPowerShell\v1.0\;C:\Program Files (x86)\Intel\Intel(R) Management Engine Components\DAL;C:\Program Files\Intel\Intel(R) Management Engine Components\DAL;C:\Program Files (x86)\Intel\Intel(R) Management Engine Components\IPT;C:\Program Files\Intel\Intel(R) Management Engine Components\IPT;C:\Program Files (x86)\NVIDIA Corporation\PhysX\Common;E:\jboss\JBoss-4.2.3\bin;C:\WINDOWS\system32;C:\WINDOWS;C:\WINDOWS\System32\Wbem;C:\WINDOWS\System32\WindowsPowerShell\v1.0\;C:\WINDOWS\System32\OpenSSH\;C:\Program Files\nodejs\;E:\apache-maven\apache-maven-3.5.3\bin;D:\Git\cmd;E:/gradle/gradle-4.4.1\bin;C:\Program Files\Java\jdk1.8.0_181\bin;C:\Program Files\Java\jdk1.8.0_181\jre\bin;E:\mysql\mysql-5.7.23-winx64\bin;D:\rationalrose\common;C:\Users\46313\AppData\Local\Programs\Python\Python37;C:\Program Files\mingw-w64\x86_64-8.1.0-posix-seh-rt_v6-rev0\mingw64\bin;C:\Program Files\OpenVPN\bin;D:\go\bin;G:\Go_WorkSpace\bin;D:\protoc\bin;E:\thrift;C:\Users\46313\AppData\Local\Programs\Python\Python37\Scripts;C:\Users\46313\AppData\Local\Microsoft\WindowsApps;C:\Users\46313\AppData\Roaming\npm;D:\ssh;C:\Users\46313\AppData\Local\Programs\Microsoft VS Code\bin;D:\.lein\bin;C:\Users\46313\go\bin;.]
2019-08-28 09:35:13.749  INFO 13568 --- [localhost-startStop-1] o.a.c.c.C.[.[localhost].[/exchange-api]  : Initializing Spring embedded WebApplicationContext
2019-08-28 09:35:13.750  INFO 13568 --- [localhost-startStop-1] o.s.web.context.ContextLoader            : Root WebApplicationContext: initialization completed in 3186 ms
2019-08-28 09:35:13.826  INFO 13568 --- [localhost-startStop-1] o.s.b.w.servlet.ServletRegistrationBean  : Servlet dispatcherServlet mapped to [/]
2019-08-28 09:35:13.832  INFO 13568 --- [localhost-startStop-1] o.s.b.w.servlet.FilterRegistrationBean   : Mapping filter: 'characterEncodingFilter' to: [/*]
2019-08-28 09:35:13.832  INFO 13568 --- [localhost-startStop-1] o.s.b.w.servlet.FilterRegistrationBean   : Mapping filter: 'hiddenHttpMethodFilter' to: [/*]
2019-08-28 09:35:13.832  INFO 13568 --- [localhost-startStop-1] o.s.b.w.servlet.FilterRegistrationBean   : Mapping filter: 'httpPutFormContentFilter' to: [/*]
2019-08-28 09:35:13.833  INFO 13568 --- [localhost-startStop-1] o.s.b.w.servlet.FilterRegistrationBean   : Mapping filter: 'requestContextFilter' to: [/*]
2019-08-28 09:35:13.833  INFO 13568 --- [localhost-startStop-1] o.s.b.w.servlet.FilterRegistrationBean   : Mapping filter: 'shiroFilter' to: [/*]
2019-08-28 09:35:14.335  INFO 13568 --- [main] s.w.s.m.m.a.RequestMappingHandlerMapping : Mapped "{[/back/coin-condition],methods=[POST]}" onto public com.slabs.exchange.model.common.ResponseBean com.slabs.exchange.controller.back.BackIndexController.getCoinConditionList(com.slabs.exchange.model.dto.PageParamDto)
2019-08-28 09:35:14.336  INFO 13568 --- [main] s.w.s.m.m.a.RequestMappingHandlerMapping : Mapped "{[/back/hold-coin],methods=[POST]}" onto public com.slabs.exchange.model.common.ResponseBean com.slabs.exchange.controller.back.BackIndexController.getHoldCoinList(com.slabs.exchange.model.dto.PageParamDto)
2019-08-28 09:35:14.337  INFO 13568 --- [main] s.w.s.m.m.a.RequestMappingHandlerMapping : Mapped "{[/back/index],methods=[POST]}" onto public com.slabs.exchange.model.common.ResponseBean com.slabs.exchange.controller.back.BackIndexController.getBackIndexInfo()
2019-08-28 09:35:14.338  INFO 13568 --- [main] s.w.s.m.m.a.RequestMappingHandlerMapping : Mapped "{[/coin/insert],methods=[POST]}" onto public com.slabs.exchange.model.common.ResponseBean com.slabs.exchange.controller.back.CoinController.insert(com.slabs.exchange.model.dto.CoinDto)
2019-08-28 09:35:14.338  INFO 13568 --- [main] s.w.s.m.m.a.RequestMappingHandlerMapping : Mapped "{[/coin/get-all-coins],methods=[POST]}" onto public com.slabs.exchange.model.common.ResponseBean com.slabs.exchange.controller.back.CoinController.getAllCoins()
2019-08-28 09:35:14.338  INFO 13568 --- [main] s.w.s.m.m.a.RequestMappingHandlerMapping : Mapped "{[/coin/get-nonsymbol-coin],methods=[POST]}" onto public com.slabs.exchange.model.common.ResponseBean com.slabs.exchange.controller.back.CoinController.getNonsymbolCoin()
2019-08-28 09:35:14.339  INFO 13568 --- [main] s.w.s.m.m.a.RequestMappingHandlerMapping : Mapped "{[/coin/getCoins],methods=[POST]}" onto public com.slabs.exchange.model.common.ResponseBean com.slabs.exchange.controller.back.CoinController.getCoins()
2019-08-28 09:35:14.341  INFO 13568 --- [main] s.w.s.m.m.a.RequestMappingHandlerMapping : Mapped "{[/creation-project/update],methods=[POST]}" onto public com.slabs.exchange.model.common.ResponseBean com.slabs.exchange.controller.back.CreationProjectController.update(com.slabs.exchange.model.dto.ProjectDto)
2019-08-28 09:35:14.341  INFO 13568 --- [main] s.w.s.m.m.a.RequestMappingHandlerMapping : Mapped "{[/creation-project/list],methods=[POST]}" onto public com.slabs.exchange.model.common.ResponseBean com.slabs.exchange.controller.back.CreationProjectController.list(com.slabs.exchange.model.dto.PageParamDto)
2019-08-28 09:35:14.341  INFO 13568 --- [main] s.w.s.m.m.a.RequestMappingHandlerMapping : Mapped "{[/creation-project/insert],methods=[POST]}" onto public com.slabs.exchange.model.common.ResponseBean com.slabs.exchange.controller.back.CreationProjectController.insert(com.slabs.exchange.model.dto.ProjectDto)
2019-08-28 09:35:14.342  INFO 13568 --- [main] s.w.s.m.m.a.RequestMappingHandlerMapping : Mapped "{[/creation-project/audit],methods=[POST]}" onto public com.slabs.exchange.model.common.ResponseBean com.slabs.exchange.controller.back.CreationProjectController.audit(com.slabs.exchange.model.dto.AuditDto)
2019-08-28 09:35:14.342  INFO 13568 --- [main] s.w.s.m.m.a.RequestMappingHandlerMapping : Mapped "{[/creation-project/pre-update],methods=[GET]}" onto public com.slabs.exchange.model.common.ResponseBean com.slabs.exchange.controller.back.CreationProjectController.preUpdate(java.lang.Integer)
2019-08-28 09:35:14.345  INFO 13568 --- [main] s.w.s.m.m.a.RequestMappingHandlerMapping : Mapped "{[/project-coin/update],methods=[POST]}" onto public com.slabs.exchange.model.common.ResponseBean com.slabs.exchange.controller.back.ProjectCoinController.update(com.slabs.exchange.model.dto.ProjectCoinDto)
2019-08-28 09:35:14.346  INFO 13568 --- [main] s.w.s.m.m.a.RequestMappingHandlerMapping : Mapped "{[/project-coin/list],methods=[POST]}" onto public com.slabs.exchange.model.common.ResponseBean com.slabs.exchange.controller.back.ProjectCoinController.list(com.slabs.exchange.model.dto.PageParamDto)
2019-08-28 09:35:14.346  INFO 13568 --- [main] s.w.s.m.m.a.RequestMappingHandlerMapping : Mapped "{[/project-coin/insert],methods=[POST]}" onto public com.slabs.exchange.model.common.ResponseBean com.slabs.exchange.controller.back.ProjectCoinController.insert(com.slabs.exchange.model.dto.ProjectCoinDto)
2019-08-28 09:35:14.346  INFO 13568 --- [main] s.w.s.m.m.a.RequestMappingHandlerMapping : Mapped "{[/project-coin/pre-update],methods=[POST]}" onto public com.slabs.exchange.model.common.ResponseBean com.slabs.exchange.controller.back.ProjectCoinController.preUpdate(java.lang.Integer)
2019-08-28 09:35:14.346  INFO 13568 --- [main] s.w.s.m.m.a.RequestMappingHandlerMapping : Mapped "{[/project-coin/getProjectCoins],methods=[POST]}" onto public com.slabs.exchange.model.common.ResponseBean com.slabs.exchange.controller.back.ProjectCoinController.getProjectCoins()
2019-08-28 09:35:14.346  INFO 13568 --- [main] s.w.s.m.m.a.RequestMappingHandlerMapping : Mapped "{[/project-coin/stable-symbol],methods=[POST]}" onto public com.slabs.exchange.model.common.ResponseBean com.slabs.exchange.controller.back.ProjectCoinController.getStableSymbols()
2019-08-28 09:35:14.348  INFO 13568 --- [main] s.w.s.m.m.a.RequestMappingHandlerMapping : Mapped "{[/project/update],methods=[POST]}" onto public com.slabs.exchange.model.common.ResponseBean com.slabs.exchange.controller.back.ProjectController.update(com.slabs.exchange.model.dto.ProjectDto)
2019-08-28 09:35:14.348  INFO 13568 --- [main] s.w.s.m.m.a.RequestMappingHandlerMapping : Mapped "{[/project/list],methods=[POST]}" onto public com.slabs.exchange.model.common.ResponseBean com.slabs.exchange.controller.back.ProjectController.list(com.slabs.exchange.model.dto.PageParamDto)
2019-08-28 09:35:14.348  INFO 13568 --- [main] s.w.s.m.m.a.RequestMappingHandlerMapping : Mapped "{[/project/insert],methods=[POST]}" onto public com.slabs.exchange.model.common.ResponseBean com.slabs.exchange.controller.back.ProjectController.insert(com.slabs.exchange.model.dto.ProjectDto)
2019-08-28 09:35:14.349  INFO 13568 --- [main] s.w.s.m.m.a.RequestMappingHandlerMapping : Mapped "{[/project/audit],methods=[POST]}" onto public com.slabs.exchange.model.common.ResponseBean com.slabs.exchange.controller.back.ProjectController.audit(com.slabs.exchange.model.dto.AuditDto)
2019-08-28 09:35:14.349  INFO 13568 --- [main] s.w.s.m.m.a.RequestMappingHandlerMapping : Mapped "{[/project/pre-update],methods=[GET]}" onto public com.slabs.exchange.model.common.ResponseBean com.slabs.exchange.controller.back.ProjectController.preUpdate(java.lang.Integer)
2019-08-28 09:35:14.351  INFO 13568 --- [main] s.w.s.m.m.a.RequestMappingHandlerMapping : Mapped "{[/symbol/update],methods=[POST]}" onto public com.slabs.exchange.model.common.ResponseBean com.slabs.exchange.controller.back.SymbolController.update(com.slabs.exchange.model.dto.SymbolDto)
2019-08-28 09:35:14.351  INFO 13568 --- [main] s.w.s.m.m.a.RequestMappingHandlerMapping : Mapped "{[/symbol/list],methods=[POST]}" onto public com.slabs.exchange.model.common.ResponseBean com.slabs.exchange.controller.back.SymbolController.list(com.slabs.exchange.model.dto.PageParamDto)
2019-08-28 09:35:14.352  INFO 13568 --- [main] s.w.s.m.m.a.RequestMappingHandlerMapping : Mapped "{[/symbol/insert],methods=[POST]}" onto public com.slabs.exchange.model.common.ResponseBean com.slabs.exchange.controller.back.SymbolController.insert(com.slabs.exchange.model.dto.SymbolDto)
2019-08-28 09:35:14.352  INFO 13568 --- [main] s.w.s.m.m.a.RequestMappingHandlerMapping : Mapped "{[/symbol/valid-stable-symbol],methods=[GET]}" onto public com.slabs.exchange.model.common.ResponseBean com.slabs.exchange.controller.back.SymbolController.getAllStableSymbols(java.lang.Integer)
2019-08-28 09:35:14.352  INFO 13568 --- [main] s.w.s.m.m.a.RequestMappingHandlerMapping : Mapped "{[/symbol/valid-creation-symbol],methods=[GET]}" onto public com.slabs.exchange.model.common.ResponseBean com.slabs.exchange.controller.back.SymbolController.getAllCreationSymbols(java.lang.Integer)
2019-08-28 09:35:14.352  INFO 13568 --- [main] s.w.s.m.m.a.RequestMappingHandlerMapping : Mapped "{[/symbol/pre-update],methods=[POST]}" onto public com.slabs.exchange.model.common.ResponseBean com.slabs.exchange.controller.back.SymbolController.preUpdate(int)
2019-08-28 09:35:14.352  INFO 13568 --- [main] s.w.s.m.m.a.RequestMappingHandlerMapping : Mapped "{[/symbol/valid-symbol],methods=[POST]}" onto public com.slabs.exchange.model.common.ResponseBean com.slabs.exchange.controller.back.SymbolController.getAllSymbols()
2019-08-28 09:35:14.353  INFO 13568 --- [main] s.w.s.m.m.a.RequestMappingHandlerMapping : Mapped "{[/trade/list],methods=[POST]}" onto public com.slabs.exchange.model.common.ResponseBean com.slabs.exchange.controller.back.TradeController.list(com.slabs.exchange.model.dto.PageParamDto)
2019-08-28 09:35:14.355  INFO 13568 --- [main] s.w.s.m.m.a.RequestMappingHandlerMapping : Mapped "{[/file/upload],methods=[POST],produces=[text/html;charset=utf-8]}" onto public java.lang.String com.slabs.exchange.controller.FileController.upload(org.springframework.web.multipart.MultipartFile,javax.servlet.http.HttpServletRequest)
2019-08-28 09:35:14.355  INFO 13568 --- [main] s.w.s.m.m.a.RequestMappingHandlerMapping : Mapped "{[/file/download],methods=[POST]}" onto public void com.slabs.exchange.controller.FileController.download(javax.servlet.http.HttpServletResponse,java.lang.String,java.lang.String)
2019-08-28 09:35:14.356  INFO 13568 --- [main] s.w.s.m.m.a.RequestMappingHandlerMapping : Mapped "{[/fore-project/fore-list],methods=[POST]}" onto public com.slabs.exchange.model.common.ResponseBean com.slabs.exchange.controller.fore.ForeProjectController.getForeProjectList(com.slabs.exchange.model.dto.PageParamDto)
2019-08-28 09:35:14.356  INFO 13568 --- [main] s.w.s.m.m.a.RequestMappingHandlerMapping : Mapped "{[/fore-project/detail],methods=[GET]}" onto public com.slabs.exchange.model.common.ResponseBean com.slabs.exchange.controller.fore.ForeProjectController.getForeProjectDetail(java.lang.Integer)
2019-08-28 09:35:14.356  INFO 13568 --- [main] s.w.s.m.m.a.RequestMappingHandlerMapping : Mapped "{[/fore-project/buy],methods=[POST]}" onto public com.slabs.exchange.model.common.ResponseBean com.slabs.exchange.controller.fore.ForeProjectController.buy(com.slabs.exchange.model.dto.BuyDto)
2019-08-28 09:35:14.357  INFO 13568 --- [main] s.w.s.m.m.a.RequestMappingHandlerMapping : Mapped "{[/user-fund/list],methods=[POST]}" onto public com.slabs.exchange.model.common.ResponseBean com.slabs.exchange.controller.fore.UserFundController.list()
2019-08-28 09:35:14.357  INFO 13568 --- [main] s.w.s.m.m.a.RequestMappingHandlerMapping : Mapped "{[/user-fund/get-wallet-addr],methods=[POST]}" onto public com.slabs.exchange.model.common.ResponseBean com.slabs.exchange.controller.fore.UserFundController.getWalletAddr()
2019-08-28 09:35:14.357  INFO 13568 --- [main] s.w.s.m.m.a.RequestMappingHandlerMapping : Mapped "{[/fund-request/list],methods=[POST]}" onto public com.slabs.exchange.model.common.ResponseBean com.slabs.exchange.controller.fore.UserFundRequestController.list(com.slabs.exchange.model.dto.PageParamDto)
2019-08-28 09:35:14.357  INFO 13568 --- [main] s.w.s.m.m.a.RequestMappingHandlerMapping : Mapped "{[/fore/withdraw],methods=[POST]}" onto public com.slabs.exchange.model.common.ResponseBean com.slabs.exchange.controller.fore.WithdrawController.withdraw(com.slabs.exchange.model.dto.WithdrawDto)
2019-08-28 09:35:14.359  INFO 13568 --- [main] s.w.s.m.m.a.RequestMappingHandlerMapping : Mapped "{[/identity/pre-update],methods=[POST]}" onto public com.slabs.exchange.model.common.ResponseBean com.slabs.exchange.controller.IdentityController.preUpdate()
2019-08-28 09:35:14.359  INFO 13568 --- [main] s.w.s.m.m.a.RequestMappingHandlerMapping : Mapped "{[/identity/get-all-countries],methods=[POST]}" onto public com.slabs.exchange.model.common.ResponseBean com.slabs.exchange.controller.IdentityController.getAllCountries()
2019-08-28 09:35:14.360  INFO 13568 --- [main] s.w.s.m.m.a.RequestMappingHandlerMapping : Mapped "{[/identity/update],methods=[POST]}" onto public com.slabs.exchange.model.common.ResponseBean com.slabs.exchange.controller.IdentityController.identityUpdate(com.slabs.exchange.model.dto.UserDto)
2019-08-28 09:35:14.361  INFO 13568 --- [main] s.w.s.m.m.a.RequestMappingHandlerMapping : Mapped "{[/logout],methods=[GET]}" onto public com.slabs.exchange.model.common.ResponseBean com.slabs.exchange.controller.LoginController.logout()
2019-08-28 09:35:14.361  INFO 13568 --- [main] s.w.s.m.m.a.RequestMappingHandlerMapping : Mapped "{[/login],methods=[POST]}" onto public com.slabs.exchange.model.common.ResponseBean com.slabs.exchange.controller.LoginController.login(com.slabs.exchange.model.dto.UserDto)
2019-08-28 09:35:14.361  INFO 13568 --- [main] s.w.s.m.m.a.RequestMappingHandlerMapping : Mapped "{[/user/register],methods=[POST]}" onto public com.slabs.exchange.model.common.ResponseBean com.slabs.exchange.controller.RegisterController.register(com.slabs.exchange.model.dto.UserDto)
2019-08-28 09:35:14.362  INFO 13568 --- [main] s.w.s.m.m.a.RequestMappingHandlerMapping : Mapped "{[/system/role/update],methods=[POST]}" onto public com.slabs.exchange.model.common.ResponseBean com.slabs.exchange.controller.RoleController.update(com.slabs.exchange.model.dto.RoleDto)
2019-08-28 09:35:14.362  INFO 13568 --- [main] s.w.s.m.m.a.RequestMappingHandlerMapping : Mapped "{[/system/role/insert],methods=[POST]}" onto public com.slabs.exchange.model.common.ResponseBean com.slabs.exchange.controller.RoleController.insert(com.slabs.exchange.model.dto.RoleDto)
2019-08-28 09:35:14.363  INFO 13568 --- [main] s.w.s.m.m.a.RequestMappingHandlerMapping : Mapped "{[/system/role/preUpdate],methods=[POST]}" onto public com.slabs.exchange.model.common.ResponseBean com.slabs.exchange.controller.RoleController.preUpdate(com.slabs.exchange.model.dto.RoleDto)
2019-08-28 09:35:14.363  INFO 13568 --- [main] s.w.s.m.m.a.RequestMappingHandlerMapping : Mapped "{[/system/role/list],methods=[POST]}" onto public com.slabs.exchange.model.common.ResponseBean com.slabs.exchange.controller.RoleController.getRoles()
2019-08-28 09:35:14.365  INFO 13568 --- [main] s.w.s.m.m.a.RequestMappingHandlerMapping : Mapped "{[/system/user/update],methods=[POST]}" onto public com.slabs.exchange.model.common.ResponseBean com.slabs.exchange.controller.UserController.update(com.slabs.exchange.model.dto.UserDto)
2019-08-28 09:35:14.365  INFO 13568 --- [main] s.w.s.m.m.a.RequestMappingHandlerMapping : Mapped "{[/system/user/list],methods=[POST]}" onto public com.slabs.exchange.model.common.ResponseBean com.slabs.exchange.controller.UserController.list(com.slabs.exchange.model.dto.PageParamDto)
2019-08-28 09:35:14.365  INFO 13568 --- [main] s.w.s.m.m.a.RequestMappingHandlerMapping : Mapped "{[/system/user/save],methods=[POST]}" onto public com.slabs.exchange.model.common.ResponseBean com.slabs.exchange.controller.UserController.save(com.slabs.exchange.model.dto.UserDto)
2019-08-28 09:35:14.365  INFO 13568 --- [main] s.w.s.m.m.a.RequestMappingHandlerMapping : Mapped "{[/system/user/update-login-password],methods=[POST]}" onto public com.slabs.exchange.model.common.ResponseBean com.slabs.exchange.controller.UserController.updateLoginPassword(com.slabs.exchange.model.dto.UpdatePasswordDto)
2019-08-28 09:35:14.366  INFO 13568 --- [main] s.w.s.m.m.a.RequestMappingHandlerMapping : Mapped "{[/system/user/update-fund-password],methods=[POST]}" onto public com.slabs.exchange.model.common.ResponseBean com.slabs.exchange.controller.UserController.updateFundPassword(com.slabs.exchange.model.dto.UpdatePasswordDto)
2019-08-28 09:35:14.367  INFO 13568 --- [main] s.w.s.m.m.a.RequestMappingHandlerMapping : Mapped "{[/system/user/reset-login-password],methods=[POST]}" onto public com.slabs.exchange.model.common.ResponseBean com.slabs.exchange.controller.UserController.resetLoginPassword()
2019-08-28 09:35:14.367  INFO 13568 --- [main] s.w.s.m.m.a.RequestMappingHandlerMapping : Mapped "{[/system/user/reset-fund-password],methods=[POST]}" onto public com.slabs.exchange.model.common.ResponseBean com.slabs.exchange.controller.UserController.resetFundPassword()
2019-08-28 09:35:14.367  INFO 13568 --- [main] s.w.s.m.m.a.RequestMappingHandlerMapping : Mapped "{[/system/user/preUpdate],methods=[POST]}" onto public com.slabs.exchange.model.common.ResponseBean com.slabs.exchange.controller.UserController.preUpdate(java.lang.Integer)
2019-08-28 09:35:14.367  INFO 13568 --- [main] s.w.s.m.m.a.RequestMappingHandlerMapping : Mapped "{[/system/user/check-account],methods=[POST]}" onto public com.slabs.exchange.model.common.ResponseBean com.slabs.exchange.controller.UserController.checkAccount(com.slabs.exchange.model.dto.AccountCheckDto)
2019-08-28 09:35:14.367  INFO 13568 --- [main] s.w.s.m.m.a.RequestMappingHandlerMapping : Mapped "{[/system/user/my-info],methods=[POST]}" onto public com.slabs.exchange.model.common.ResponseBean com.slabs.exchange.controller.UserController.getMyInfo()
2019-08-28 09:35:14.367  INFO 13568 --- [main] s.w.s.m.m.a.RequestMappingHandlerMapping : Mapped "{[/system/user/get-jwt],methods=[POST]}" onto public com.slabs.exchange.model.common.ResponseBean com.slabs.exchange.controller.UserController.getJwt()
2019-08-28 09:35:14.368  INFO 13568 --- [main] s.w.s.m.m.a.RequestMappingHandlerMapping : Mapped "{[/system/user/get-project-users],methods=[POST]}" onto public com.slabs.exchange.model.common.ResponseBean com.slabs.exchange.controller.UserController.getProjectUsers()
2019-08-28 09:35:14.369  INFO 13568 --- [main] s.w.s.m.m.a.RequestMappingHandlerMapping : Mapped "{[/v2/api-docs],methods=[GET],produces=[application/json || application/hal+json]}" onto public org.springframework.http.ResponseEntity<springfox.documentation.spring.web.json.Json> springfox.documentation.swagger2.web.Swagger2Controller.getDocumentation(java.lang.String,javax.servlet.http.HttpServletRequest)
2019-08-28 09:35:14.373  INFO 13568 --- [main] s.w.s.m.m.a.RequestMappingHandlerMapping : Mapped "{[/swagger-resources/configuration/security]}" onto org.springframework.http.ResponseEntity<springfox.documentation.swagger.web.SecurityConfiguration> springfox.documentation.swagger.web.ApiResourceController.securityConfiguration()
2019-08-28 09:35:14.374  INFO 13568 --- [main] s.w.s.m.m.a.RequestMappingHandlerMapping : Mapped "{[/swagger-resources/configuration/ui]}" onto org.springframework.http.ResponseEntity<springfox.documentation.swagger.web.UiConfiguration> springfox.documentation.swagger.web.ApiResourceController.uiConfiguration()
2019-08-28 09:35:14.375  INFO 13568 --- [main] s.w.s.m.m.a.RequestMappingHandlerMapping : Mapped "{[/swagger-resources]}" onto org.springframework.http.ResponseEntity<java.util.List<springfox.documentation.swagger.web.SwaggerResource>> springfox.documentation.swagger.web.ApiResourceController.swaggerResources()
2019-08-28 09:35:14.378  INFO 13568 --- [main] s.w.s.m.m.a.RequestMappingHandlerMapping : Mapped "{[/error]}" onto public org.springframework.http.ResponseEntity<java.util.Map<java.lang.String, java.lang.Object>> org.springframework.boot.autoconfigure.web.servlet.error.BasicErrorController.error(javax.servlet.http.HttpServletRequest)
2019-08-28 09:35:14.378  INFO 13568 --- [main] s.w.s.m.m.a.RequestMappingHandlerMapping : Mapped "{[/error],produces=[text/html]}" onto public org.springframework.web.servlet.ModelAndView org.springframework.boot.autoconfigure.web.servlet.error.BasicErrorController.errorHtml(javax.servlet.http.HttpServletRequest,javax.servlet.http.HttpServletResponse)
2019-08-28 09:35:14.629  INFO 13568 --- [main] o.s.w.s.handler.SimpleUrlHandlerMapping  : Mapped URL path [/**/favicon.ico] onto handler of type [class org.springframework.web.servlet.resource.ResourceHttpRequestHandler]
2019-08-28 09:35:14.797  INFO 13568 --- [main] s.w.s.m.m.a.RequestMappingHandlerAdapter : Looking for @ControllerAdvice: org.springframework.boot.web.servlet.context.AnnotationConfigServletWebServerApplicationContext@561b6512: startup date [Wed Aug 28 09:35:10 CST 2019]; root of context hierarchy
2019-08-28 09:35:14.838  INFO 13568 --- [main] o.s.w.s.handler.SimpleUrlHandlerMapping  : Mapped URL path [/webjars/**] onto handler of type [class org.springframework.web.servlet.resource.ResourceHttpRequestHandler]
2019-08-28 09:35:14.838  INFO 13568 --- [main] o.s.w.s.handler.SimpleUrlHandlerMapping  : Mapped URL path [/**] onto handler of type [class org.springframework.web.servlet.resource.ResourceHttpRequestHandler]
2019-08-28 09:35:14.852  INFO 13568 --- [main] .m.m.a.ExceptionHandlerExceptionResolver : Detected @ExceptionHandler methods in globalExceptionHandler
2019-08-28 09:35:15.072  INFO 13568 --- [main] o.s.j.e.a.AnnotationMBeanExporter        : Registering beans for JMX exposure on startup
2019-08-28 09:35:15.074  INFO 13568 --- [main] o.s.j.e.a.AnnotationMBeanExporter        : Bean with name 'dataSource' has been autodetected for JMX exposure
2019-08-28 09:35:15.081  INFO 13568 --- [main] o.s.j.e.a.AnnotationMBeanExporter        : Located MBean 'dataSource': registering with JMX server as MBean [com.alibaba.druid.pool:name=dataSource,type=DruidDataSource]
2019-08-28 09:35:15.085  INFO 13568 --- [main] o.s.c.support.DefaultLifecycleProcessor  : Starting beans in phase 2147483647
2019-08-28 09:35:15.086  INFO 13568 --- [main] d.s.w.p.DocumentationPluginsBootstrapper : Context refreshed
2019-08-28 09:35:15.101  INFO 13568 --- [main] d.s.w.p.DocumentationPluginsBootstrapper : Found 1 custom documentation plugin(s)
2019-08-28 09:35:15.127  INFO 13568 --- [main] s.d.s.w.s.ApiListingReferenceScanner     : Scanning for api listing references
2019-08-28 09:35:15.291  INFO 13568 --- [main] .d.s.w.r.o.CachingOperationNameGenerator : Generating unique operation named: insertUsingPOST_1
2019-08-28 09:35:15.354  INFO 13568 --- [main] .d.s.w.r.o.CachingOperationNameGenerator : Generating unique operation named: insertUsingPOST_2
2019-08-28 09:35:15.357  INFO 13568 --- [main] .d.s.w.r.o.CachingOperationNameGenerator : Generating unique operation named: listUsingPOST_1
2019-08-28 09:35:15.359  INFO 13568 --- [main] .d.s.w.r.o.CachingOperationNameGenerator : Generating unique operation named: preUpdateUsingPOST_1
2019-08-28 09:35:15.362  INFO 13568 --- [main] .d.s.w.r.o.CachingOperationNameGenerator : Generating unique operation named: updateUsingPOST_1
2019-08-28 09:35:15.366  INFO 13568 --- [main] .d.s.w.r.o.CachingOperationNameGenerator : Generating unique operation named: auditUsingPOST_1
2019-08-28 09:35:15.369  INFO 13568 --- [main] .d.s.w.r.o.CachingOperationNameGenerator : Generating unique operation named: insertUsingPOST_3
2019-08-28 09:35:15.371  INFO 13568 --- [main] .d.s.w.r.o.CachingOperationNameGenerator : Generating unique operation named: listUsingPOST_2
2019-08-28 09:35:15.374  INFO 13568 --- [main] .d.s.w.r.o.CachingOperationNameGenerator : Generating unique operation named: preUpdateUsingGET_1
2019-08-28 09:35:15.376  INFO 13568 --- [main] .d.s.w.r.o.CachingOperationNameGenerator : Generating unique operation named: updateUsingPOST_2
2019-08-28 09:35:15.382  INFO 13568 --- [main] .d.s.w.r.o.CachingOperationNameGenerator : Generating unique operation named: insertUsingPOST_4
2019-08-28 09:35:15.384  INFO 13568 --- [main] .d.s.w.r.o.CachingOperationNameGenerator : Generating unique operation named: preUpdateUsingPOST_2
2019-08-28 09:35:15.385  INFO 13568 --- [main] .d.s.w.r.o.CachingOperationNameGenerator : Generating unique operation named: updateUsingPOST_3
2019-08-28 09:35:15.395  INFO 13568 --- [main] .d.s.w.r.o.CachingOperationNameGenerator : Generating unique operation named: insertUsingPOST_5
2019-08-28 09:35:15.397  INFO 13568 --- [main] .d.s.w.r.o.CachingOperationNameGenerator : Generating unique operation named: listUsingPOST_3
2019-08-28 09:35:15.399  INFO 13568 --- [main] .d.s.w.r.o.CachingOperationNameGenerator : Generating unique operation named: preUpdateUsingPOST_3
2019-08-28 09:35:15.401  INFO 13568 --- [main] .d.s.w.r.o.CachingOperationNameGenerator : Generating unique operation named: updateUsingPOST_4
2019-08-28 09:35:15.402  INFO 13568 --- [main] .d.s.w.r.o.CachingOperationNameGenerator : Generating unique operation named: listUsingPOST_4
2019-08-28 09:35:15.412  INFO 13568 --- [main] .d.s.w.r.o.CachingOperationNameGenerator : Generating unique operation named: listUsingPOST_5
2019-08-28 09:35:15.414  INFO 13568 --- [main] .d.s.w.r.o.CachingOperationNameGenerator : Generating unique operation named: preUpdateUsingPOST_4
2019-08-28 09:35:15.420  INFO 13568 --- [main] .d.s.w.r.o.CachingOperationNameGenerator : Generating unique operation named: updateUsingPOST_5
2019-08-28 09:35:15.425  INFO 13568 --- [main] .d.s.w.r.o.CachingOperationNameGenerator : Generating unique operation named: listUsingPOST_6
2019-08-28 09:35:15.427  INFO 13568 --- [main] .d.s.w.r.o.CachingOperationNameGenerator : Generating unique operation named: listUsingPOST_7
2019-08-28 09:35:15.468  INFO 13568 --- [main] o.s.b.w.embedded.tomcat.TomcatWebServer  : Tomcat started on port(s): 15002 (http) with context path '/exchange-api'
2019-08-28 09:35:15.471  INFO 13568 --- [main] com.slabs.exchange.ExchangeApplication   : Started ExchangeApplication in 5.977 seconds (JVM running for 7.572)
